<?xml version="1.0" encoding="UTF-8"?>
<!-- Generated by org.testng.reporters.JUnitReportReporter -->
<testsuite skipped="0" hostname="Akshay-PC" name="easybix.InvokeBrowser1" tests="1" failures="0" timestamp="22 Dec 2017 02:20:01 GMT" time="36.903" errors="0">
  <testcase name="InvokeFirefox" time="36.903" classname="easybix.InvokeBrowser1"/>
</testsuite> <!-- easybix.InvokeBrowser1 -->
