<?xml version="1.0" encoding="UTF-8"?>
<!-- Generated by org.testng.reporters.JUnitReportReporter -->
<testsuite skipped="0" hostname="Akshay-PC" name="com.test.ExceptionTimeoutTest" tests="1" failures="0" timestamp="26 Dec 2017 13:59:50 GMT" time="0.013" errors="0">
  <testcase name="test1" time="0.013" classname="com.test.ExceptionTimeoutTest"/>
</testsuite> <!-- com.test.ExceptionTimeoutTest -->
