<?xml version="1.0" encoding="UTF-8"?>
<!-- Generated by org.testng.reporters.JUnitReportReporter -->
<testsuite skipped="0" hostname="Akshay-PC" name="com.actions.RightClickExample" tests="1" failures="0" timestamp="29 Dec 2017 21:29:43 GMT" time="19.916" errors="0">
  <testcase name="performRightClick" time="19.916" classname="com.actions.RightClickExample"/>
</testsuite> <!-- com.actions.RightClickExample -->
