<?xml version="1.0" encoding="UTF-8"?>
<!-- Generated by org.testng.reporters.JUnitReportReporter -->
<testsuite skipped="0" hostname="Akshay-PC" name="easybix.FindElements" tests="1" failures="0" timestamp="23 Dec 2017 00:27:01 GMT" time="10.068" errors="0">
  <testcase name="openfacebook" time="10.068" classname="easybix.FindElements"/>
</testsuite> <!-- easybix.FindElements -->
