<?xml version="1.0" encoding="UTF-8"?>
<!-- Generated by org.testng.reporters.JUnitReportReporter -->
<testsuite skipped="0" hostname="Akshay-PC" name="com.wait.ExplicitWaitExample" tests="1" failures="0" timestamp="29 Dec 2017 03:35:52 GMT" time="11.771" errors="0">
  <testcase name="verifySampleTest" time="11.771" classname="com.wait.ExplicitWaitExample"/>
</testsuite> <!-- com.wait.ExplicitWaitExample -->
