<?xml version="1.0" encoding="UTF-8"?>
<!-- Generated by org.testng.reporters.JUnitReportReporter -->
<testsuite skipped="0" hostname="Akshay-PC" name="com.test.GoogleTest" tests="1" failures="0" timestamp="26 Dec 2017 13:59:50 GMT" time="9.106" errors="0">
  <testcase name="googleLogoTest" time="9.106" classname="com.test.GoogleTest"/>
</testsuite> <!-- com.test.GoogleTest -->
