<?xml version="1.0" encoding="UTF-8"?>
<!-- Generated by org.testng.reporters.JUnitReportReporter -->
<testsuite skipped="0" hostname="Akshay-PC" name="com.parameters.ParameterTest" tests="1" failures="0" timestamp="26 Dec 2017 16:04:22 GMT" time="51.807" errors="0">
  <testcase name="yahooLoginTest" time="51.807" classname="com.parameters.ParameterTest"/>
</testsuite> <!-- com.parameters.ParameterTest -->
