<?xml version="1.0" encoding="UTF-8"?>
<!-- Generated by org.testng.reporters.JUnitReportReporter -->
<testsuite skipped="0" hostname="Akshay-PC" name="com.wait.ImplicitWaitExample" tests="1" failures="0" timestamp="29 Dec 2017 02:34:17 GMT" time="22.066" errors="0">
  <testcase name="selectbyIndexTest" time="22.066" classname="com.wait.ImplicitWaitExample"/>
</testsuite> <!-- com.wait.ImplicitWaitExample -->
