<?xml version="1.0" encoding="UTF-8"?>
<!-- Generated by org.testng.reporters.JUnitReportReporter -->
<testsuite skipped="0" hostname="Akshay-PC" name="com.actions.MouseHoverSample" tests="1" failures="0" timestamp="30 Dec 2017 02:43:34 GMT" time="20.708" errors="0">
  <testcase name="performMouseHover" time="20.708" classname="com.actions.MouseHoverSample"/>
</testsuite> <!-- com.actions.MouseHoverSample -->
