<?xml version="1.0" encoding="UTF-8"?>
<!-- Generated by org.testng.reporters.JUnitReportReporter -->
<testsuite skipped="0" hostname="Akshay-PC" name="com.selenium.practise.VerifyElementSelect" tests="1" failures="0" timestamp="28 Dec 2017 04:05:27 GMT" time="0.500" errors="0">
  <testcase name="verifyCreateAccountText" time="0.500" classname="com.selenium.practise.VerifyElementSelect"/>
</testsuite> <!-- com.selenium.practise.VerifyElementSelect -->
