<?xml version="1.0" encoding="UTF-8"?>
<!-- Generated by org.testng.reporters.JUnitReportReporter -->
<testsuite skipped="0" hostname="Akshay-PC" name="com.test.TestNgBasics" tests="3" failures="0" timestamp="26 Dec 2017 13:59:50 GMT" time="0.008" errors="0">
  <testcase name="googleTitleTest" time="0.003" classname="com.test.TestNgBasics"/>
  <testcase name="searchTest" time="0.002" classname="com.test.TestNgBasics"/>
  <testcase name="googlelogoTest" time="0.003" classname="com.test.TestNgBasics"/>
</testsuite> <!-- com.test.TestNgBasics -->
