<?xml version="1.0" encoding="UTF-8"?>
<!-- Generated by org.testng.reporters.JUnitReportReporter -->
<testsuite skipped="0" hostname="Akshay-PC" name="com.selenium.practise.VerifyElementIsPresent" tests="1" failures="0" timestamp="29 Dec 2017 21:35:34 GMT" time="0.372" errors="0">
  <testcase name="verifyrightClickMeText" time="0.372" classname="com.selenium.practise.VerifyElementIsPresent"/>
</testsuite> <!-- com.selenium.practise.VerifyElementIsPresent -->
