<?xml version="1.0" encoding="UTF-8"?>
<!-- Generated by org.testng.reporters.JUnitReportReporter -->
<testsuite skipped="0" hostname="Akshay-PC" name="com.selenium.practise.FindBrokenLink" tests="1" failures="0" timestamp="27 Dec 2017 21:18:03 GMT" time="24.106" errors="0">
  <testcase name="getBrokenLinks" time="24.106" classname="com.selenium.practise.FindBrokenLink"/>
</testsuite> <!-- com.selenium.practise.FindBrokenLink -->
