<?xml version="1.0" encoding="UTF-8"?>
<!-- Generated by org.testng.reporters.JUnitReportReporter -->
<testsuite skipped="0" hostname="Akshay-PC" name="com.javaScriptExecutor.ElementViewUsingJS" tests="4" failures="0" timestamp="30 Dec 2017 20:25:11 GMT" time="80.160" errors="0">
  <testcase name="scrollPageTest" time="17.366" classname="com.javaScriptExecutor.ElementViewUsingJS"/>
  <testcase name="reloadBrowserTEst" time="22.890" classname="com.javaScriptExecutor.ElementViewUsingJS"/>
  <testcase name="navigateToURLTest" time="21.766" classname="com.javaScriptExecutor.ElementViewUsingJS"/>
  <testcase name="scrollToElementTest" time="18.138" classname="com.javaScriptExecutor.ElementViewUsingJS"/>
</testsuite> <!-- com.javaScriptExecutor.ElementViewUsingJS -->
