<?xml version="1.0" encoding="UTF-8"?>
<!-- Generated by org.testng.reporters.JUnitReportReporter -->
<testsuite skipped="0" hostname="Akshay-PC" name="com.test.TestNgFeatures" tests="1" failures="0" timestamp="26 Dec 2017 13:59:50 GMT" time="0.002" errors="0">
  <testcase name="LoginTest" time="0.002" classname="com.test.TestNgFeatures"/>
</testsuite> <!-- com.test.TestNgFeatures -->
