<?xml version="1.0" encoding="UTF-8"?>
<!-- Generated by org.testng.reporters.JUnitReportReporter -->
<testsuite skipped="0" hostname="Akshay-PC" name="com.actions.KeyBoardSample" tests="1" failures="0" timestamp="30 Dec 2017 04:34:44 GMT" time="24.391" errors="0">
  <testcase name="performDragAndDrop" time="24.391" classname="com.actions.KeyBoardSample"/>
</testsuite> <!-- com.actions.KeyBoardSample -->
