<?xml version="1.0" encoding="UTF-8"?>
<!-- Generated by org.testng.reporters.JUnitReportReporter -->
<testsuite skipped="0" hostname="Akshay-PC" name="com.selenium.practise.HandleMultipleWindows" tests="1" failures="0" timestamp="29 Dec 2017 19:35:57 GMT" time="17.091" errors="0">
  <testcase name="multiWindowTest" time="17.091" classname="com.selenium.practise.HandleMultipleWindows"/>
</testsuite> <!-- com.selenium.practise.HandleMultipleWindows -->
