<?xml version="1.0" encoding="UTF-8"?>
<!-- Generated by org.testng.reporters.JUnitReportReporter -->
<testsuite skipped="0" hostname="Akshay-PC" name="easybix.FirstTest" tests="1" failures="0" timestamp="22 Dec 2017 03:30:56 GMT" time="52.075" errors="0">
  <testcase name="invokeApplication" time="52.075" classname="easybix.FirstTest"/>
</testsuite> <!-- easybix.FirstTest -->
