<?xml version="1.0" encoding="UTF-8"?>
<!-- Generated by org.testng.reporters.JUnitReportReporter -->
<testsuite skipped="0" hostname="Akshay-PC" name="com.selenium.practise.VerifyElementIsEnabled" tests="1" failures="0" timestamp="28 Dec 2017 04:25:11 GMT" time="0.771" errors="0">
  <testcase name="verifyCreateAccountIsEnabled" time="0.771" classname="com.selenium.practise.VerifyElementIsEnabled"/>
</testsuite> <!-- com.selenium.practise.VerifyElementIsEnabled -->
