<?xml version="1.0" encoding="UTF-8"?>
<!-- Generated by org.testng.reporters.JUnitReportReporter -->
<testsuite skipped="0" hostname="Akshay-PC" name="com.datadriven.test.HalfEbdayTest" tests="4" failures="0" timestamp="02 Jan 2018 16:38:43 GMT" time="54.480" errors="0">
  <testcase name="halfEbayPageRegTest" time="18.211" classname="com.datadriven.test.HalfEbdayTest"/>
  <testcase name="halfEbayPageRegTest" time="10.488" classname="com.datadriven.test.HalfEbdayTest"/>
  <testcase name="halfEbayPageRegTest" time="15.575" classname="com.datadriven.test.HalfEbdayTest"/>
  <testcase name="halfEbayPageRegTest" time="10.206" classname="com.datadriven.test.HalfEbdayTest"/>
</testsuite> <!-- com.datadriven.test.HalfEbdayTest -->
