<?xml version="1.0" encoding="UTF-8"?>
<!-- Generated by org.testng.reporters.JUnitReportReporter -->
<testsuite skipped="0" hostname="Akshay-PC" name="com.actions.DoubleClickExample" tests="1" failures="0" timestamp="29 Dec 2017 21:08:07 GMT" time="26.534" errors="0">
  <testcase name="performDoubleClick" time="26.534" classname="com.actions.DoubleClickExample"/>
</testsuite> <!-- com.actions.DoubleClickExample -->
