<?xml version="1.0" encoding="UTF-8"?>
<!-- Generated by org.testng.reporters.JUnitReportReporter -->
<testsuite skipped="0" hostname="Akshay-PC" name="com.javaScriptExecutor.PageTextJs" tests="2" failures="0" timestamp="30 Dec 2017 20:14:14 GMT" time="27.990" errors="0">
  <testcase name="getPageTextJSTest" time="14.545" classname="com.javaScriptExecutor.PageTextJs"/>
  <testcase name="getPageTitleJSTest" time="13.445" classname="com.javaScriptExecutor.PageTextJs"/>
</testsuite> <!-- com.javaScriptExecutor.PageTextJs -->
