<?xml version="1.0" encoding="UTF-8"?>
<!-- Generated by org.testng.reporters.JUnitReportReporter -->
<testsuite skipped="0" hostname="Akshay-PC" name="VerifyYahooTitle" tests="1" failures="0" timestamp="21 Dec 2017 20:30:22 GMT" time="31.461" errors="0">
  <testcase name="VerifyTitle" time="31.461" classname="VerifyYahooTitle"/>
</testsuite> <!-- VerifyYahooTitle -->
