<?xml version="1.0" encoding="UTF-8"?>
<!-- Generated by org.testng.reporters.JUnitReportReporter -->
<testsuite skipped="0" hostname="Akshay-PC" name="com.javaScriptExecutor.ClickUsingJS" tests="1" failures="0" timestamp="30 Dec 2017 17:39:33 GMT" time="16.888" errors="0">
  <testcase name="clickAsJavaScript" time="16.888" classname="com.javaScriptExecutor.ClickUsingJS"/>
</testsuite> <!-- com.javaScriptExecutor.ClickUsingJS -->
