<?xml version="1.0" encoding="UTF-8"?>
<!-- Generated by org.testng.reporters.JUnitReportReporter -->
<testsuite skipped="0" hostname="Akshay-PC" name="com.webtable.WebTableExample" tests="5" failures="0" timestamp="31 Dec 2017 00:00:23 GMT" time="132.465" errors="0">
  <testcase name="countTotalRowsTest" time="13.540" classname="com.webtable.WebTableExample"/>
  <testcase name="printCompleteColumnTest" time="34.003" classname="com.webtable.WebTableExample"/>
  <testcase name="countAllColsTest" time="15.647" classname="com.webtable.WebTableExample"/>
  <testcase name="printAllRowsTest" time="47.824" classname="com.webtable.WebTableExample"/>
  <testcase name="printSpecificRowTest" time="21.451" classname="com.webtable.WebTableExample"/>
</testsuite> <!-- com.webtable.WebTableExample -->
