<?xml version="1.0" encoding="UTF-8"?>
<!-- Generated by org.testng.reporters.JUnitReportReporter -->
<testsuite skipped="0" hostname="Akshay-PC" name="com.selenium.practise.DropDownOperations" tests="4" failures="0" timestamp="28 Dec 2017 22:10:32 GMT" time="58.463" errors="0">
  <testcase name="selectbyIndexTest" time="13.995" classname="com.selenium.practise.DropDownOperations"/>
  <testcase name="sprintAllTest" time="11.370" classname="com.selenium.practise.DropDownOperations"/>
  <testcase name="selectbyTextTest" time="16.820" classname="com.selenium.practise.DropDownOperations"/>
  <testcase name="selectbyValueTest" time="16.278" classname="com.selenium.practise.DropDownOperations"/>
</testsuite> <!-- com.selenium.practise.DropDownOperations -->
