<?xml version="1.0" encoding="UTF-8"?>
<!-- Generated by org.testng.reporters.JUnitReportReporter -->
<testsuite skipped="0" hostname="Akshay-PC" name="com.actions.DragAndDropExample" tests="2" failures="0" timestamp="30 Dec 2017 03:38:41 GMT" time="27.986" errors="0">
  <testcase name="performDragANdDrop2" time="12.409" classname="com.actions.DragAndDropExample"/>
  <testcase name="performDragAndDrop" time="15.577" classname="com.actions.DragAndDropExample"/>
</testsuite> <!-- com.actions.DragAndDropExample -->
